[michelsinambela.github.io/index.html]
[backblue.gif]
[fade.gif]
[index.html]
[michelsinambela.github.io/logo.png]
[michelsinambela.github.io/assets/vendor/animate.css/animate.min.css]
[michelsinambela.github.io/assets/vendor/bootstrap/css/bootstrap.min.css]
[michelsinambela.github.io/assets/vendor/bootstrap-icons/bootstrap-icons.css]
[michelsinambela.github.io/assets/vendor/boxicons/css/boxicons.min.css]
[michelsinambela.github.io/assets/vendor/fontawesome-free/css/all.min.css]
[michelsinambela.github.io/assets/vendor/glightbox/css/glightbox.min.css]
[michelsinambela.github.io/assets/vendor/remixicon/remixicon.css]
[michelsinambela.github.io/assets/vendor/swiper/swiper-bundle.min.css]
[michelsinambela.github.io/assets/css/style.css]
[michelsinambela.github.io/index-2.html]
[michelsinambela.github.io/assets/img/testimonials/father.jpg]
[michelsinambela.github.io/assets/img/testimonials/mother.jpg]
[michelsinambela.github.io/assets/img/testimonials/sist.jpg]
[michelsinambela.github.io/assets/img/testimonials/broth.jpg]
[michelsinambela.github.io/assets/img/testimonials/brother.jpg]
[michelsinambela.github.io/assets/img/testimonials/sister.jpg]
[michelsinambela.github.io/assets/img/gallery/php.jpg]
[michelsinambela.github.io/assets/img/gallery/html.jpg]
[michelsinambela.github.io/assets/img/gallery/css.jpg]
[michelsinambela.github.io/assets/img/gallery/python.jpg]
[michelsinambela.github.io/assets/img/gallery/corel.jpg]
[michelsinambela.github.io/assets/img/gallery/photoshop.jpg]
[michelsinambela.github.io/assets/img/gallery/figma.jpg]
[michelsinambela.github.io/assets/vendor/bootstrap/js/bootstrap.bundle.min.js]
[michelsinambela.github.io/assets/vendor/glightbox/js/glightbox.min.js]
[michelsinambela.github.io/assets/vendor/php-email-form/validate.js]
[michelsinambela.github.io/assets/vendor/purecounter/purecounter.js]
[michelsinambela.github.io/assets/vendor/swiper/swiper-bundle.min.js]
[michelsinambela.github.io/index.html]
[michelsinambela.github.io/assets/js/main.js]
[michelsinambela.github.io/assets/vendor/animate.css/animate.min.css]
[michelsinambela.github.io/assets/vendor/bootstrap/css/bootstrap.min.css]
[michelsinambela.github.io/assets/vendor/bootstrap-icons/fonts/bootstrap-icons63f3.woff2]
[michelsinambela.github.io/assets/vendor/bootstrap-icons/fonts/bootstrap-icons63f3.woff]
[michelsinambela.github.io/assets/vendor/bootstrap-icons/bootstrap-icons.css]
[michelsinambela.github.io/assets/vendor/boxicons/fonts/boxicons.woff2]
[michelsinambela.github.io/assets/vendor/boxicons/fonts/boxicons.eot]
[michelsinambela.github.io/assets/vendor/boxicons/fonts/boxicons.woff]
[michelsinambela.github.io/assets/vendor/boxicons/fonts/boxicons.ttf]
[michelsinambela.github.io/assets/vendor/boxicons/css/boxicons.min.css]
[michelsinambela.github.io/assets/vendor/boxicons/fonts/boxiconsd41d.svg]
[michelsinambela.github.io/assets/vendor/fontawesome-free/webfonts/fa-brands-400.eot]
[michelsinambela.github.io/assets/vendor/fontawesome-free/webfonts/fa-brands-400.woff2]
[michelsinambela.github.io/assets/vendor/fontawesome-free/webfonts/fa-brands-400.woff]
[michelsinambela.github.io/assets/vendor/fontawesome-free/webfonts/fa-brands-400.ttf]
[michelsinambela.github.io/assets/vendor/fontawesome-free/webfonts/fa-brands-400d41d.eot]
[michelsinambela.github.io/assets/vendor/fontawesome-free/webfonts/fa-regular-400.eot]
[michelsinambela.github.io/assets/vendor/fontawesome-free/webfonts/fa-regular-400.woff2]
[michelsinambela.github.io/assets/vendor/fontawesome-free/webfonts/fa-regular-400d41d.eot]
[michelsinambela.github.io/assets/vendor/fontawesome-free/webfonts/fa-regular-400.woff]
[michelsinambela.github.io/assets/vendor/fontawesome-free/webfonts/fa-brands-400.svg]
[michelsinambela.github.io/assets/vendor/fontawesome-free/webfonts/fa-regular-400.ttf]
[michelsinambela.github.io/assets/vendor/fontawesome-free/webfonts/fa-regular-400.svg]
[michelsinambela.github.io/assets/vendor/fontawesome-free/webfonts/fa-solid-900.woff2]
[michelsinambela.github.io/assets/vendor/fontawesome-free/webfonts/fa-solid-900.eot]
[michelsinambela.github.io/assets/vendor/fontawesome-free/webfonts/fa-solid-900d41d.eot]
[michelsinambela.github.io/assets/vendor/fontawesome-free/webfonts/fa-solid-900.woff]
[michelsinambela.github.io/assets/vendor/fontawesome-free/webfonts/fa-solid-900.ttf]
[michelsinambela.github.io/assets/vendor/fontawesome-free/css/all.min.css]
[michelsinambela.github.io/assets/vendor/glightbox/css/glightbox.min.css]
[michelsinambela.github.io/assets/vendor/remixicon/remixicondf6d.woff2]
[michelsinambela.github.io/assets/vendor/remixicon/remixicondf6d.eot]
[michelsinambela.github.io/assets/vendor/remixicon/remixicondf6d.woff]
[michelsinambela.github.io/assets/vendor/fontawesome-free/webfonts/fa-solid-900.svg]
[michelsinambela.github.io/assets/vendor/remixicon/remixicon.css]
[michelsinambela.github.io/assets/vendor/swiper/swiper-bundle.min.css]
[michelsinambela.github.io/assets/img/slider.jpg]
[michelsinambela.github.io/assets/img/pasphoto.png]
[michelsinambela.github.io/assets/css/style.css]
[michelsinambela.github.io/index-2.html]
[michelsinambela.github.io/assets/vendor/boxicons/fonts/boxiconsd41d.svg]
[michelsinambela.github.io/assets/vendor/fontawesome-free/webfonts/fa-brands-400.svg]
[michelsinambela.github.io/assets/vendor/fontawesome-free/webfonts/fa-regular-400.svg]
[michelsinambela.github.io/assets/vendor/remixicon/remixicondf6d.ttf]
[michelsinambela.github.io/assets/vendor/fontawesome-free/webfonts/fa-solid-900.svg]
[michelsinambela.github.io/assets/vendor/remixicon/remixicondf6d.svg]
[michelsinambela.github.io/assets/vendor/remixicon/remixicondf6d.svg]
